已經開始建置於 2014/10/8 上午 11:08:16。
     1>節點 2 (Build 目標) 上的專案 "C:\Users\Way\Documents\Visual Studio 2013\Projects\102598065_hw1\102598065_hw1\102598065_hw1.vcxproj"。
     1>ClCompile:
         C:\Program Files (x86)\Microsoft Visual Studio 12.0\VC\bin\CL.exe /c /ZI /nologo /W3 /WX- /sdl /Od /Oy- /D WIN32 /D _DEBUG /D _CONSOLE /D _LIB /D _UNICODE /D UNICODE /Gm /EHsc /RTC1 /MDd /GS /fp:precise /Zc:wchar_t /Zc:forScope /Fo"Debug\\" /Fd"Debug\vc120.pdb" /FR"Debug\\" /Gd /TP /analyze- /errorReport:prompt Component.cpp Composite.cpp DisplayMsg.cpp Main.cpp MindMapModel.cpp Node.cpp Root.cpp TextUI.cpp
         TextUI.cpp
         Root.cpp
         Node.cpp
         MindMapModel.cpp
         Main.cpp
         DisplayMsg.cpp
         Composite.cpp
         Component.cpp
         正在產生程式碼...
       Link:
         C:\Program Files (x86)\Microsoft Visual Studio 12.0\VC\bin\link.exe /ERRORREPORT:PROMPT /OUT:"C:\Users\Way\Documents\Visual Studio 2013\Projects\102598065_hw1\Debug\102598065_hw1.exe" /INCREMENTAL /NOLOGO kernel32.lib user32.lib gdi32.lib winspool.lib comdlg32.lib advapi32.lib shell32.lib ole32.lib oleaut32.lib uuid.lib odbc32.lib odbccp32.lib /MANIFEST /MANIFESTUAC:"level='asInvoker' uiAccess='false'" /manifest:embed /DEBUG /PDB:"C:\Users\Way\Documents\Visual Studio 2013\Projects\102598065_hw1\Debug\102598065_hw1.pdb" /SUBSYSTEM:CONSOLE /TLBID:1 /DYNAMICBASE /NXCOMPAT /IMPLIB:"C:\Users\Way\Documents\Visual Studio 2013\Projects\102598065_hw1\Debug\102598065_hw1.lib" /MACHINE:X86 Debug\Component.obj
         Debug\Composite.obj
         Debug\DisplayMsg.obj
         Debug\Main.obj
         Debug\MindMapModel.obj
         Debug\Node.obj
         Debug\Root.obj
         Debug\TextUI.obj
         102598065_hw1.vcxproj -> C:\Users\Way\Documents\Visual Studio 2013\Projects\102598065_hw1\Debug\102598065_hw1.exe
       BscMake:
         C:\Program Files (x86)\Microsoft Visual Studio 12.0\VC\bin\bscmake.exe /nologo /o"C:\Users\Way\Documents\Visual Studio 2013\Projects\102598065_hw1\Debug\102598065_hw1.bsc" /n Debug\Component.sbr Debug\Composite.sbr Debug\DisplayMsg.sbr Debug\Main.sbr Debug\MindMapModel.sbr Debug\Node.sbr Debug\Root.sbr Debug\TextUI.sbr
     1>專案 "C:\Users\Way\Documents\Visual Studio 2013\Projects\102598065_hw1\102598065_hw1\102598065_hw1.vcxproj" (Build 目標) 建置完成。

建置成功。

經過時間 00:00:04.58
